<?xml version="1.0" encoding="utf-8"?><testsuites name="pytest tests"><testsuite name="pytest" errors="0" failures="0" skipped="0" tests="19" time="9.108" timestamp="2026-03-02T10:45:09.872846+00:00" hostname="agent-env-34941fc4-3a29-4305-bf2f-1f23c46eef55"><testcase classname="backend.tests.test_new_features.TestAuthentication" name="test_admin_login" time="0.533" /><testcase classname="backend.tests.test_new_features.TestAuthentication" name="test_patron_login" time="0.432" /><testcase classname="backend.tests.test_new_features.TestTaxNoticesStatus" name="test_generate_tax_notices_with_unpaid_status" time="0.437" /><testcase classname="backend.tests.test_new_features.TestTaxNoticesStatus" name="test_get_tax_notices_include_status" time="0.400" /><testcase classname="backend.tests.test_new_features.TestTaxNoticesStatus" name="test_toggle_tax_notice_status" time="0.607" /><testcase classname="backend.tests.test_new_features.TestTaxNoticesStatus" name="test_toggle_status_non_admin_forbidden" time="0.457" /><testcase classname="backend.tests.test_new_features.TestAccountingHistory" name="test_get_accounting_history_admin" time="0.394" /><testcase classname="backend.tests.test_new_features.TestAccountingHistory" name="test_create_manual_snapshot" time="0.424" /><testcase classname="backend.tests.test_new_features.TestAccountingHistory" name="test_accounting_history_non_admin_forbidden" time="0.435" /><testcase classname="backend.tests.test_new_features.TestAccountingHistory" name="test_create_snapshot_non_admin_forbidden" time="0.424" /><testcase classname="backend.tests.test_new_features.TestWeeklyTransactionFiltering" name="test_patron_transactions_filtered_by_week" time="0.412" /><testcase classname="backend.tests.test_new_features.TestWeeklyTransactionFiltering" name="test_admin_transactions_not_filtered" time="0.435" /><testcase classname="backend.tests.test_new_features.TestWeeklyTransactionFiltering" name="test_patron_businesses_weekly_totals" time="0.436" /><testcase classname="backend.tests.test_new_features.TestEmployeePermissions" name="test_create_employee_with_permissions" time="0.724" /><testcase classname="backend.tests.test_new_features.TestEmployeePermissions" name="test_update_employee_permissions" time="0.822" /><testcase classname="backend.tests.test_new_features.TestAPIResponseNoMongoId" name="test_tax_notices_no_mongo_id" time="0.400" /><testcase classname="backend.tests.test_new_features.TestAPIResponseNoMongoId" name="test_businesses_no_mongo_id" time="0.408" /><testcase classname="backend.tests.test_new_features.TestAPIResponseNoMongoId" name="test_transactions_no_mongo_id" time="0.395" /><testcase classname="backend.tests.test_new_features.TestAPIResponseNoMongoId" name="test_users_no_mongo_id" time="0.408" /></testsuite></testsuites>