<?xml version="1.0" encoding="utf-8"?><testsuites name="pytest tests"><testsuite name="pytest" errors="0" failures="0" skipped="0" tests="19" time="4.733" timestamp="2026-03-02T11:33:58.407350+00:00" hostname="agent-env-34941fc4-3a29-4305-bf2f-1f23c46eef55"><testcase classname="backend.tests.test_vehicle_features.TestVehicleCatalog" name="test_seed_vehicles_already_seeded" time="0.746" /><testcase classname="backend.tests.test_vehicle_features.TestVehicleCatalog" name="test_get_all_vehicles" time="0.107" /><testcase classname="backend.tests.test_vehicle_features.TestVehicleCatalog" name="test_get_vehicle_categories" time="0.096" /><testcase classname="backend.tests.test_vehicle_features.TestVehicleCatalog" name="test_create_vehicle_patron" time="0.479" /><testcase classname="backend.tests.test_vehicle_features.TestVehicleCatalog" name="test_update_vehicle_price" time="0.236" /><testcase classname="backend.tests.test_vehicle_features.TestVehicleCatalog" name="test_delete_vehicle" time="0.190" /><testcase classname="backend.tests.test_vehicle_features.TestVehicleOrders" name="test_create_order_valid" time="0.216" /><testcase classname="backend.tests.test_vehicle_features.TestVehicleOrders" name="test_create_order_reduction_max_30_percent" time="0.133" /><testcase classname="backend.tests.test_vehicle_features.TestVehicleOrders" name="test_create_order_exactly_30_percent" time="0.172" /><testcase classname="backend.tests.test_vehicle_features.TestVehicleOrders" name="test_get_orders_for_business" time="0.327" /><testcase classname="backend.tests.test_vehicle_features.TestVehicleOrders" name="test_update_order_advancement_fabrication" time="0.353" /><testcase classname="backend.tests.test_vehicle_features.TestVehicleOrders" name="test_update_order_advancement_with_dna_comment" time="0.241" /><testcase classname="backend.tests.test_vehicle_features.TestVehicleOrders" name="test_toggle_client_called" time="0.315" /><testcase classname="backend.tests.test_vehicle_features.TestVehicleOrders" name="test_delete_order" time="0.260" /><testcase classname="backend.tests.test_vehicle_features.TestAdminVehicleOrders" name="test_admin_cannot_create_order" time="0.159" /><testcase classname="backend.tests.test_vehicle_features.TestAdminVehicleOrders" name="test_admin_can_view_all_orders" time="0.089" /><testcase classname="backend.tests.test_vehicle_features.TestEdgeCases" name="test_order_with_invalid_vehicle_id" time="0.081" /><testcase classname="backend.tests.test_vehicle_features.TestEdgeCases" name="test_order_with_negative_reduction" time="0.162" /><testcase classname="backend.tests.test_vehicle_features.TestEdgeCases" name="test_invalid_advancement_status" time="0.242" /></testsuite></testsuites>